mode: set
server/utils/auth_utils.go:9.27,13.2 3 1
server/utils/general_utils.go:9.76,10.29 1 1
server/utils/general_utils.go:16.2,16.8 1 1
server/utils/general_utils.go:10.29,11.29 1 1
server/utils/general_utils.go:14.3,14.23 1 1
server/utils/general_utils.go:11.29,13.4 1 1
server/utils/general_utils.go:20.35,22.2 1 1
server/utils/statistics_utils.go:27.79,30.38 2 1
server/utils/statistics_utils.go:34.2,34.21 1 1
server/utils/statistics_utils.go:30.38,32.3 1 1
server/utils/statistics_utils.go:38.76,41.38 2 1
server/utils/statistics_utils.go:47.2,47.16 1 1
server/utils/statistics_utils.go:41.38,42.31 1 1
server/utils/statistics_utils.go:42.31,44.4 1 1
server/utils/statistics_utils.go:51.107,53.26 1 1
server/utils/statistics_utils.go:76.2,76.8 1 1
server/utils/statistics_utils.go:53.26,61.32 4 1
server/utils/statistics_utils.go:74.3,74.37 1 1
server/utils/statistics_utils.go:61.32,68.74 4 1
server/utils/statistics_utils.go:68.74,70.5 1 1
server/utils/statistics_utils.go:80.103,83.38 3 0
server/utils/statistics_utils.go:93.2,95.39 2 0
server/utils/statistics_utils.go:104.2,105.8 2 0
server/utils/statistics_utils.go:83.38,85.10 2 0
server/utils/statistics_utils.go:89.3,90.48 2 0
server/utils/statistics_utils.go:85.10,87.4 1 0
server/utils/statistics_utils.go:95.39,97.37 1 0
server/utils/statistics_utils.go:102.3,102.68 1 0
server/utils/statistics_utils.go:97.37,99.12 2 0
server/utils/statistics_utils.go:109.104,111.38 2 0
server/utils/statistics_utils.go:125.2,125.109 1 0
server/utils/statistics_utils.go:128.2,128.8 1 0
server/utils/statistics_utils.go:111.38,117.10 4 0
server/utils/statistics_utils.go:121.3,122.24 2 0
server/utils/statistics_utils.go:117.10,119.4 1 0
server/utils/statistics_utils.go:125.109,127.3 1 0
server/utils/time_utils.go:9.55,13.2 3 1
server/utils/time_utils.go:17.44,19.2 1 1
