mode: set
server/utils/time_utils.go:9.55,13.2 3 1
server/utils/time_utils.go:17.44,19.2 1 1
server/utils/auth_utils.go:9.27,13.2 3 1
server/utils/general_utils.go:9.76,10.29 1 1
server/utils/general_utils.go:16.2,16.8 1 1
server/utils/general_utils.go:10.29,11.29 1 1
server/utils/general_utils.go:14.3,14.23 1 1
server/utils/general_utils.go:11.29,13.4 1 1
server/utils/general_utils.go:20.35,22.2 1 1
server/utils/statistics_utils.go:14.71,17.38 2 1
server/utils/statistics_utils.go:21.2,21.21 1 1
server/utils/statistics_utils.go:17.38,19.3 1 1
server/utils/statistics_utils.go:25.68,28.38 2 1
server/utils/statistics_utils.go:34.2,34.16 1 1
server/utils/statistics_utils.go:28.38,29.31 1 1
server/utils/statistics_utils.go:29.31,31.4 1 1
server/utils/statistics_utils.go:38.99,40.26 1 1
server/utils/statistics_utils.go:61.2,61.8 1 1
server/utils/statistics_utils.go:40.26,48.32 4 1
server/utils/statistics_utils.go:59.3,59.37 1 1
server/utils/statistics_utils.go:48.32,53.74 2 1
server/utils/statistics_utils.go:53.74,55.5 1 1
server/utils/statistics_utils.go:65.109,68.38 3 1
server/utils/statistics_utils.go:78.2,80.39 2 1
server/utils/statistics_utils.go:89.2,90.8 2 1
server/utils/statistics_utils.go:68.38,70.10 2 1
server/utils/statistics_utils.go:74.3,75.48 2 1
server/utils/statistics_utils.go:70.10,72.4 1 1
server/utils/statistics_utils.go:80.39,82.37 1 1
server/utils/statistics_utils.go:87.3,87.82 1 1
server/utils/statistics_utils.go:82.37,84.12 2 1
server/utils/statistics_utils.go:94.110,96.38 2 1
server/utils/statistics_utils.go:110.2,110.109 1 1
server/utils/statistics_utils.go:113.2,113.8 1 1
server/utils/statistics_utils.go:96.38,102.10 4 1
server/utils/statistics_utils.go:106.3,107.24 2 1
server/utils/statistics_utils.go:102.10,104.4 1 1
server/utils/statistics_utils.go:110.109,112.3 1 1
server/internal/service/activity_types.go:6.72,8.16 2 1
server/internal/service/activity_types.go:11.2,11.17 1 1
server/internal/service/activity_types.go:8.16,10.3 1 1
server/internal/service/auth.go:30.13,42.2 2 1
server/internal/service/auth.go:45.49,49.2 2 0
server/internal/service/auth.go:52.52,53.53 1 0
server/internal/service/auth.go:59.2,60.16 2 0
server/internal/service/auth.go:65.2,69.16 3 0
server/internal/service/auth.go:75.2,78.16 3 0
server/internal/service/auth.go:83.2,84.49 2 0
server/internal/service/auth.go:90.2,93.16 2 0
server/internal/service/auth.go:103.2,104.16 2 0
server/internal/service/auth.go:110.2,115.77 4 0
server/internal/service/auth.go:53.53,56.3 2 0
server/internal/service/auth.go:60.16,61.13 1 0
server/internal/service/auth.go:69.16,70.13 1 0
server/internal/service/auth.go:78.16,79.13 1 0
server/internal/service/auth.go:84.49,87.3 2 0
server/internal/service/auth.go:93.16,96.17 3 0
server/internal/service/auth.go:96.17,99.4 2 0
server/internal/service/auth.go:104.16,107.3 2 0
server/internal/service/auth.go:119.44,123.17 3 0
server/internal/service/auth.go:128.2,130.39 2 0
server/internal/service/auth.go:135.2,135.69 1 0
server/internal/service/auth.go:123.17,126.3 2 0
server/internal/service/auth.go:130.39,133.3 2 0
server/internal/service/seeds.go:50.53,53.16 2 1
server/internal/service/seeds.go:58.2,58.37 1 1
server/internal/service/seeds.go:64.2,64.8 1 1
server/internal/service/seeds.go:53.16,55.3 1 1
server/internal/service/seeds.go:58.37,60.17 2 1
server/internal/service/seeds.go:60.17,62.4 1 0
server/internal/service/service.go:55.44,59.2 3 1
server/internal/service/statistics.go:9.90,11.16 2 0
server/internal/service/statistics.go:16.2,25.23 2 0
server/internal/service/statistics.go:11.16,13.3 1 0
server/internal/service/strava.go:22.13,42.2 3 1
server/internal/service/strava.go:50.55,59.2 3 0
server/internal/service/strava.go:62.58,66.40 3 0
server/internal/service/strava.go:73.2,73.78 1 0
server/internal/service/strava.go:79.2,80.16 2 0
server/internal/service/strava.go:85.2,87.9 3 0
server/internal/service/strava.go:90.2,100.77 4 0
server/internal/service/strava.go:66.40,69.3 2 0
server/internal/service/strava.go:73.78,76.3 2 0
server/internal/service/strava.go:80.16,81.13 1 0
server/internal/service/strava.go:87.9,88.58 1 0
server/internal/service/strava.go:104.64,110.16 4 0
server/internal/service/strava.go:114.2,118.16 3 0
server/internal/service/strava.go:121.2,121.12 1 0
server/internal/service/strava.go:110.16,111.13 1 0
server/internal/service/strava.go:118.16,120.3 1 0
server/internal/service/strava.go:124.74,127.16 2 0
server/internal/service/strava.go:138.2,139.16 2 0
server/internal/service/strava.go:127.16,130.17 2 0
server/internal/service/strava.go:133.3,133.9 1 0
server/internal/service/strava.go:130.17,131.14 1 0
server/internal/service/strava.go:139.16,140.13 1 0
server/internal/service/strava.go:144.66,147.16 2 0
server/internal/service/strava.go:152.2,155.16 4 0
server/internal/service/strava.go:160.2,160.49 1 0
server/internal/service/strava.go:165.2,165.15 1 0
server/internal/service/strava.go:147.16,148.13 1 0
server/internal/service/strava.go:155.16,156.13 1 0
server/internal/service/strava.go:160.49,163.3 2 0
server/internal/service/strava.go:168.91,178.2 2 0
server/internal/service/strava.go:180.61,188.2 2 0
server/internal/service/activities.go:15.95,18.16 2 1
server/internal/service/activities.go:22.2,27.16 4 1
server/internal/service/activities.go:31.2,31.20 1 1
server/internal/service/activities.go:18.16,20.3 1 0
server/internal/service/activities.go:27.16,29.3 1 1
server/internal/service/activities.go:35.89,39.16 2 1
server/internal/service/activities.go:43.2,46.16 3 1
server/internal/service/activities.go:50.2,50.20 1 1
server/internal/service/activities.go:39.16,41.3 1 0
server/internal/service/activities.go:46.16,48.3 1 1
server/internal/service/activities.go:54.79,56.16 2 1
server/internal/service/activities.go:60.2,66.31 4 1
server/internal/service/activities.go:75.2,75.26 1 1
server/internal/service/activities.go:56.16,58.3 1 1
server/internal/service/activities.go:66.31,73.3 4 1
server/internal/service/activities.go:79.67,81.2 1 1
server/internal/service/activities.go:84.116,86.69 1 1
server/internal/service/activities.go:90.2,91.16 2 1
server/internal/service/activities.go:95.2,95.16 1 1
server/internal/service/activities.go:99.2,124.33 12 1
server/internal/service/activities.go:129.2,129.23 1 1
server/internal/service/activities.go:86.69,88.3 1 1
server/internal/service/activities.go:91.16,93.3 1 1
server/internal/service/activities.go:95.16,97.3 1 1
server/internal/service/activities.go:124.33,127.3 2 1
server/internal/service/activities.go:132.85,135.31 3 1
server/internal/service/activities.go:145.2,145.18 1 1
server/internal/service/activities.go:135.31,139.31 3 1
server/internal/service/activities.go:139.31,142.4 2 1
server/internal/service/activities.go:148.119,150.37 2 1
server/internal/service/activities.go:154.2,154.31 1 1
server/internal/service/activities.go:161.2,161.18 1 1
server/internal/service/activities.go:150.37,152.3 1 1
server/internal/service/activities.go:154.31,159.3 3 1
server/internal/service/activities.go:164.119,166.37 2 1
server/internal/service/activities.go:169.2,169.31 1 1
server/internal/service/activities.go:178.2,178.18 1 1
server/internal/service/activities.go:166.37,168.3 1 1
server/internal/service/activities.go:169.31,174.24 3 1
server/internal/service/activities.go:174.24,176.4 1 1
server/internal/service/activities.go:181.130,193.96 5 1
server/internal/service/activities.go:197.2,197.31 1 1
server/internal/service/activities.go:205.2,207.37 2 1
server/internal/service/activities.go:218.2,218.19 1 1
server/internal/service/activities.go:193.96,195.3 1 1
server/internal/service/activities.go:197.31,202.3 2 1
server/internal/service/activities.go:207.37,211.41 2 1
server/internal/service/activities.go:211.41,212.60 1 1
server/internal/service/activities.go:212.60,214.5 1 1
server/internal/service/activities.go:221.60,222.14 1 1
server/internal/service/activities.go:232.2,232.11 1 0
server/internal/service/activities.go:223.14,224.37 1 1
server/internal/service/activities.go:225.15,226.51 1 1
server/internal/service/activities.go:227.14,229.48 2 1
server/internal/service/activities.go:235.74,236.14 1 1
server/internal/service/activities.go:248.2,248.14 1 0
server/internal/service/activities.go:237.14,238.44 1 1
server/internal/service/activities.go:239.15,242.64 3 1
server/internal/service/activities.go:243.14,245.60 2 1
server/internal/service/strava_webhooks.go:26.69,38.2 2 0
server/internal/service/strava_webhooks.go:41.79,43.89 1 0
server/internal/service/strava_webhooks.go:50.2,50.36 1 0
server/internal/service/strava_webhooks.go:56.2,56.12 1 0
server/internal/service/strava_webhooks.go:43.89,45.3 1 0
server/internal/service/strava_webhooks.go:50.36,52.17 2 0
server/internal/service/strava_webhooks.go:52.17,54.4 1 0
server/internal/service/strava_webhooks.go:59.90,60.22 1 0
server/internal/service/strava_webhooks.go:68.2,68.8 1 0
server/internal/service/strava_webhooks.go:61.16,62.50 1 0
server/internal/service/strava_webhooks.go:63.16,64.50 1 0
server/internal/service/strava_webhooks.go:65.16,66.47 1 0
server/internal/service/strava_webhooks.go:71.80,74.16 2 0
server/internal/service/strava_webhooks.go:81.2,82.16 2 0
server/internal/service/strava_webhooks.go:87.2,89.16 3 0
server/internal/service/strava_webhooks.go:92.2,93.12 2 0
server/internal/service/strava_webhooks.go:74.16,78.3 2 0
server/internal/service/strava_webhooks.go:82.16,84.3 1 0
server/internal/service/strava_webhooks.go:89.16,91.3 1 0
server/internal/service/strava_webhooks.go:96.80,99.16 2 0
server/internal/service/strava_webhooks.go:103.2,107.16 3 0
server/internal/service/strava_webhooks.go:118.2,120.16 3 0
server/internal/service/strava_webhooks.go:123.2,124.12 2 0
server/internal/service/strava_webhooks.go:99.16,100.13 1 0
server/internal/service/strava_webhooks.go:107.16,110.17 2 0
server/internal/service/strava_webhooks.go:113.3,114.13 2 0
server/internal/service/strava_webhooks.go:110.17,112.4 1 0
server/internal/service/strava_webhooks.go:120.16,122.3 1 0
server/internal/service/strava_webhooks.go:127.77,131.16 2 0
server/internal/service/strava_webhooks.go:135.2,136.16 2 0
server/internal/service/strava_webhooks.go:139.2,140.12 2 0
server/internal/service/strava_webhooks.go:131.16,133.3 1 0
server/internal/service/strava_webhooks.go:136.16,138.3 1 0
server/internal/service/strava_webhooks.go:143.109,148.16 3 0
server/internal/service/strava_webhooks.go:152.2,156.16 4 0
server/internal/service/strava_webhooks.go:160.2,162.38 2 0
server/internal/service/strava_webhooks.go:174.2,174.88 1 0
server/internal/service/strava_webhooks.go:148.16,149.13 1 0
server/internal/service/strava_webhooks.go:156.16,157.13 1 0
server/internal/service/strava_webhooks.go:162.38,164.17 2 0
server/internal/service/strava_webhooks.go:167.3,168.17 2 0
server/internal/service/strava_webhooks.go:171.3,171.38 1 0
server/internal/service/strava_webhooks.go:164.17,166.4 1 0
server/internal/service/strava_webhooks.go:168.17,169.14 1 0
server/internal/service/strava_webhooks.go:177.119,180.16 2 0
server/internal/service/strava_webhooks.go:186.2,187.16 2 0
server/internal/service/strava_webhooks.go:191.2,192.16 2 0
server/internal/service/strava_webhooks.go:196.2,199.36 3 0
server/internal/service/strava_webhooks.go:204.2,213.3 1 0
server/internal/service/strava_webhooks.go:180.16,181.13 1 0
server/internal/service/strava_webhooks.go:187.16,188.13 1 0
server/internal/service/strava_webhooks.go:192.16,193.13 1 0
server/internal/service/strava_webhooks.go:199.36,202.3 2 0
server/internal/service/users.go:10.71,14.16 3 0
server/internal/service/users.go:18.2,18.10 1 0
server/internal/service/users.go:14.16,15.13 1 0
server/internal/service/quick_adds.go:8.95,12.16 3 0
server/internal/service/quick_adds.go:15.2,15.20 1 0
server/internal/service/quick_adds.go:12.16,14.3 1 0
server/internal/service/quick_adds.go:20.71,22.16 2 0
server/internal/service/quick_adds.go:26.2,26.17 1 0
server/internal/service/quick_adds.go:22.16,24.3 1 0
server/internal/service/quick_adds.go:30.67,32.2 1 0
